**********************
Windows PowerShell transcript start
Start time: 20260205232704
Username: DESKTOP-GNB0QG8\Humble
RunAs User: DESKTOP-GNB0QG8\Humble
Configuration Name: 
Machine: DESKTOP-GNB0QG8 (Microsoft Windows NT 10.0.19045.0)
Host Application: C:\Windows\System32\WindowsPowerShell\v1.0\powershell.exe -NoProfile -ExecutionPolicy Bypass -File C:\Scripts\SyncroTechSummary\Syncro-TechSummary.ps1
Process ID: 10488
PSVersion: 5.1.19041.6456
PSEdition: Desktop
PSCompatibleVersions: 1.0, 2.0, 3.0, 4.0, 5.0, 5.1.19041.6456
BuildVersion: 10.0.19041.6456
CLRVersion: 4.0.30319.42000
WSManStackVersion: 3.0
PSRemotingProtocolVersion: 2.3
SerializationVersion: 1.1.0.1
**********************
StartUtc: 2026-02-04T00:00:00.0000000Z
EndUtc:   2026-02-05T00:00:00.0000000Z
GET https://bigfootnetworks.syncromsp.com/api/v1/tickets?api_key=REDACTED_SYNCRO_API_KEY&since_updated_at=2026-02-04T00:00:00Z&page=1
GET https://bigfootnetworks.syncromsp.com/api/v1/tickets?api_key=REDACTED_SYNCRO_API_KEY&since_updated_at=2026-02-04T00:00:00Z&page=2
GET https://bigfootnetworks.syncromsp.com/api/v1/tickets?api_key=REDACTED_SYNCRO_API_KEY&since_updated_at=2026-02-04T00:00:00Z&page=3
Pulled tickets (raw): 109
Sample ticket saved to: C:\Scripts\SyncroTechSummary\Logs\SampleTicket.json
Tickets updated in window: 47
GET https://bigfootnetworks.syncromsp.com/api/v1/timelogs?api_key=REDACTED_SYNCRO_API_KEY&per_page=100&page=1
PS>TerminatingError(): "The property 'Count' cannot be found on this object. Verify that the property exists."
The property 'Count' cannot be found on this object. Verify that the property exists.
The property 'Count' cannot be found on this object. Verify that the property exists.
At C:\Scripts\SyncroTechSummary\Syncro-TechSummary.ps1:256 char:50
+     Write-Host "Pulled timelogs (raw, capped): $($timelogs.Count)"
+                                                  ~~~~~~~~~~~~~~~
    + CategoryInfo          : NotSpecified: (:) [], ParentContainsErrorRecordException
    + FullyQualifiedErrorId : PropertyNotFoundStrict

**********************
Windows PowerShell transcript end
End time: 20260205232711
**********************
