**********************
Windows PowerShell transcript start
Start time: 20260209231708
Username: DESKTOP-GNB0QG8\Humble
RunAs User: DESKTOP-GNB0QG8\Humble
Configuration Name: 
Machine: DESKTOP-GNB0QG8 (Microsoft Windows NT 10.0.19045.0)
Host Application: C:\Windows\System32\WindowsPowerShell\v1.0\powershell.exe -NoProfile -ExecutionPolicy Bypass -File .\Syncro-TechSummary.ps1
Process ID: 16708
PSVersion: 5.1.19041.6456
PSEdition: Desktop
PSCompatibleVersions: 1.0, 2.0, 3.0, 4.0, 5.0, 5.1.19041.6456
BuildVersion: 10.0.19041.6456
CLRVersion: 4.0.30319.42000
WSManStackVersion: 3.0
PSRemotingProtocolVersion: 2.3
SerializationVersion: 1.1.0.1
**********************
StartUtc: 2026-02-02T23:17:08.0360857Z
EndUtc:   2026-02-09T23:17:08.0360857Z
GET https://bigfootnetworks.syncromsp.com/api/v1/tickets?api_key=REDACTED_SYNCRO_API_KEY&since_updated_at=2026-02-02T23:17:08Z&page=1
GET https://bigfootnetworks.syncromsp.com/api/v1/tickets?api_key=REDACTED_SYNCRO_API_KEY&since_updated_at=2026-02-02T23:17:08Z&page=2
GET https://bigfootnetworks.syncromsp.com/api/v1/tickets?api_key=REDACTED_SYNCRO_API_KEY&since_updated_at=2026-02-02T23:17:08Z&page=3
GET https://bigfootnetworks.syncromsp.com/api/v1/tickets?api_key=REDACTED_SYNCRO_API_KEY&since_updated_at=2026-02-02T23:17:08Z&page=4
Pulled tickets (raw): 184
Sample ticket saved to: C:\Scripts\SyncroTechSummary\Logs\SampleTicket.json
Tickets updated in window: 184
Comment bodies written to: C:\Scripts\SyncroTechSummary\Logs\TechCommentBodies.json
Tech summaries written to: C:\Scripts\SyncroTechSummary\Logs\TechSummaries.txt
GET https://bigfootnetworks.syncromsp.com/api/v1/ticket_timers?api_key=REDACTED_SYNCRO_API_KEY&per_page=200&page=1
GET https://bigfootnetworks.syncromsp.com/api/v1/ticket_timers?api_key=REDACTED_SYNCRO_API_KEY&per_page=200&page=2
GET https://bigfootnetworks.syncromsp.com/api/v1/ticket_timers?api_key=REDACTED_SYNCRO_API_KEY&per_page=200&page=3
GET https://bigfootnetworks.syncromsp.com/api/v1/ticket_timers?api_key=REDACTED_SYNCRO_API_KEY&per_page=200&page=4
GET https://bigfootnetworks.syncromsp.com/api/v1/ticket_timers?api_key=REDACTED_SYNCRO_API_KEY&per_page=200&page=5
GET https://bigfootnetworks.syncromsp.com/api/v1/ticket_timers?api_key=REDACTED_SYNCRO_API_KEY&per_page=200&page=6
GET https://bigfootnetworks.syncromsp.com/api/v1/ticket_timers?api_key=REDACTED_SYNCRO_API_KEY&per_page=200&page=7
GET https://bigfootnetworks.syncromsp.com/api/v1/ticket_timers?api_key=REDACTED_SYNCRO_API_KEY&per_page=200&page=8
GET https://bigfootnetworks.syncromsp.com/api/v1/ticket_timers?api_key=REDACTED_SYNCRO_API_KEY&per_page=200&page=9
GET https://bigfootnetworks.syncromsp.com/api/v1/ticket_timers?api_key=REDACTED_SYNCRO_API_KEY&per_page=200&page=10
Pulled ticket_timers (raw, capped): 1000
Sample ticket timer saved to: C:\Scripts\SyncroTechSummary\Logs\SampleTicketTimer.json
Ticket timers in window (with minutes): 0
Report written to: C:\Scripts\SyncroTechSummary\Logs\LatestReport.txt
Log written to: C:\Scripts\SyncroTechSummary\Logs\Run_20260209_231707.log
HTML report written to: C:\Scripts\SyncroTechSummary\Logs\LatestReport.html
**********************
Windows PowerShell transcript end
End time: 20260209231724
**********************
