**********************
Windows PowerShell transcript start
Start time: 20260210215740
Username: DESKTOP-GNB0QG8\Humble
RunAs User: DESKTOP-GNB0QG8\Humble
Configuration Name: 
Machine: DESKTOP-GNB0QG8 (Microsoft Windows NT 10.0.19045.0)
Host Application: C:\Windows\System32\WindowsPowerShell\v1.0\powershell.exe -NoProfile -ExecutionPolicy Bypass -File .\Syncro-TechSummary.ps1
Process ID: 19656
PSVersion: 5.1.19041.6456
PSEdition: Desktop
PSCompatibleVersions: 1.0, 2.0, 3.0, 4.0, 5.0, 5.1.19041.6456
BuildVersion: 10.0.19041.6456
CLRVersion: 4.0.30319.42000
WSManStackVersion: 3.0
PSRemotingProtocolVersion: 2.3
SerializationVersion: 1.1.0.1
**********************
StartLocal: 2026-02-02T00:00:00.0000000+00:00
EndLocal:   2026-02-07T00:00:00.0000000+00:00
StartUtc:   2026-02-02T00:00:00.0000000Z
EndUtc:     2026-02-07T00:00:00.0000000Z
GET https://bigfootnetworks.syncromsp.com/api/v1/tickets?api_key=REDACTED_SYNCRO_API_KEY&since_updated_at=2026-02-02T00:00:00Z&page=1
GET https://bigfootnetworks.syncromsp.com/api/v1/tickets?api_key=REDACTED_SYNCRO_API_KEY&since_updated_at=2026-02-02T00:00:00Z&page=2
GET https://bigfootnetworks.syncromsp.com/api/v1/tickets?api_key=REDACTED_SYNCRO_API_KEY&since_updated_at=2026-02-02T00:00:00Z&page=3
GET https://bigfootnetworks.syncromsp.com/api/v1/tickets?api_key=REDACTED_SYNCRO_API_KEY&since_updated_at=2026-02-02T00:00:00Z&page=4
GET https://bigfootnetworks.syncromsp.com/api/v1/tickets?api_key=REDACTED_SYNCRO_API_KEY&since_updated_at=2026-02-02T00:00:00Z&page=5
Pulled tickets (raw): 249
Sample ticket saved to: C:\Scripts\SyncroTechSummary\Logs\SampleTicket.json
Tickets updated in window: 133
GET https://bigfootnetworks.syncromsp.com/api/v1/tickets?api_key=REDACTED_SYNCRO_API_KEY&status=Customer%20Reply&page=1
GET https://bigfootnetworks.syncromsp.com/api/v1/tickets?api_key=REDACTED_SYNCRO_API_KEY&status=Waiting%20on%20Customer&page=1
GET https://bigfootnetworks.syncromsp.com/api/v1/tickets?api_key=REDACTED_SYNCRO_API_KEY&status=In%20Progress&page=1
GET https://bigfootnetworks.syncromsp.com/api/v1/tickets?api_key=REDACTED_SYNCRO_API_KEY&status=Quote%2FBilling&page=1
GET https://bigfootnetworks.syncromsp.com/api/v1/tickets?api_key=REDACTED_SYNCRO_API_KEY&status=Open&page=1
Pulled open tickets (raw, by status): 46
Comment bodies written to: C:\Scripts\SyncroTechSummary\Logs\TechCommentBodies.json
Tech summaries written to: C:\Scripts\SyncroTechSummary\Logs\TechSummaries.txt
GET https://bigfootnetworks.syncromsp.com/api/v1/ticket_timers?api_key=REDACTED_SYNCRO_API_KEY&per_page=200&page=1
GET https://bigfootnetworks.syncromsp.com/api/v1/ticket_timers?api_key=REDACTED_SYNCRO_API_KEY&per_page=200&page=2
GET https://bigfootnetworks.syncromsp.com/api/v1/ticket_timers?api_key=REDACTED_SYNCRO_API_KEY&per_page=200&page=3
GET https://bigfootnetworks.syncromsp.com/api/v1/ticket_timers?api_key=REDACTED_SYNCRO_API_KEY&per_page=200&page=4
GET https://bigfootnetworks.syncromsp.com/api/v1/ticket_timers?api_key=REDACTED_SYNCRO_API_KEY&per_page=200&page=5
GET https://bigfootnetworks.syncromsp.com/api/v1/ticket_timers?api_key=REDACTED_SYNCRO_API_KEY&per_page=200&page=6
GET https://bigfootnetworks.syncromsp.com/api/v1/ticket_timers?api_key=REDACTED_SYNCRO_API_KEY&per_page=200&page=7
GET https://bigfootnetworks.syncromsp.com/api/v1/ticket_timers?api_key=REDACTED_SYNCRO_API_KEY&per_page=200&page=8
GET https://bigfootnetworks.syncromsp.com/api/v1/ticket_timers?api_key=REDACTED_SYNCRO_API_KEY&per_page=200&page=9
GET https://bigfootnetworks.syncromsp.com/api/v1/ticket_timers?api_key=REDACTED_SYNCRO_API_KEY&per_page=200&page=10
Pulled ticket_timers (raw, capped): 1000
Sample ticket timer saved to: C:\Scripts\SyncroTechSummary\Logs\SampleTicketTimer.json
Ticket timers in window (with minutes): 0
Report written to: C:\Scripts\SyncroTechSummary\Logs\LatestReport.txt
Log written to: C:\Scripts\SyncroTechSummary\Logs\Run_20260210_215739.log
HTML report written to: C:\Scripts\SyncroTechSummary\Logs\LatestReport.html
**********************
Windows PowerShell transcript end
End time: 20260210215801
**********************
