**********************
Windows PowerShell transcript start
Start time: 20260209222143
Username: DESKTOP-GNB0QG8\Humble
RunAs User: DESKTOP-GNB0QG8\Humble
Configuration Name: 
Machine: DESKTOP-GNB0QG8 (Microsoft Windows NT 10.0.19045.0)
Host Application: C:\Windows\System32\WindowsPowerShell\v1.0\powershell.exe -NoProfile -ExecutionPolicy Bypass -File .\Syncro-TechSummary.ps1
Process ID: 20972
PSVersion: 5.1.19041.6456
PSEdition: Desktop
PSCompatibleVersions: 1.0, 2.0, 3.0, 4.0, 5.0, 5.1.19041.6456
BuildVersion: 10.0.19041.6456
CLRVersion: 4.0.30319.42000
WSManStackVersion: 3.0
PSRemotingProtocolVersion: 2.3
SerializationVersion: 1.1.0.1
**********************
StartUtc: 2026-02-02T00:00:00.0000000Z
EndUtc:   2026-02-09T00:00:00.0000000Z
GET https://bigfootnetworks.syncromsp.com/api/v1/tickets?api_key=REDACTED_SYNCRO_API_KEY&since_updated_at=2026-02-02T00:00:00Z&page=1
GET https://bigfootnetworks.syncromsp.com/api/v1/tickets?api_key=REDACTED_SYNCRO_API_KEY&since_updated_at=2026-02-02T00:00:00Z&page=2
GET https://bigfootnetworks.syncromsp.com/api/v1/tickets?api_key=REDACTED_SYNCRO_API_KEY&since_updated_at=2026-02-02T00:00:00Z&page=3
GET https://bigfootnetworks.syncromsp.com/api/v1/tickets?api_key=REDACTED_SYNCRO_API_KEY&since_updated_at=2026-02-02T00:00:00Z&page=4
GET https://bigfootnetworks.syncromsp.com/api/v1/tickets?api_key=REDACTED_SYNCRO_API_KEY&since_updated_at=2026-02-02T00:00:00Z&page=5
Pulled tickets (raw): 217
Sample ticket saved to: C:\Scripts\SyncroTechSummary\Logs\SampleTicket.json
Tickets updated in window: 144
PS>TerminatingError(): "Index operation failed; the array index evaluated to null."
>> TerminatingError(): "Index operation failed; the array index evaluated to null."
>> TerminatingError(ForEach-Object): "Index operation failed; the array index evaluated to null."
>> TerminatingError(ForEach-Object): "Index operation failed; the array index evaluated to null."
ForEach-Object : Index operation failed; the array index evaluated to null.
At C:\Scripts\SyncroTechSummary\Syncro-TechSummary.ps1:148 char:34
+ $ticketRows = $ticketsInWindow | ForEach-Object {
+                                  ~~~~~~~~~~~~~~~~
    + CategoryInfo          : InvalidOperation: (:) [ForEach-Object], RuntimeException
    + FullyQualifiedErrorId : NullArrayIndex,Microsoft.PowerShell.Commands.ForEachObjectCommand

**********************
Windows PowerShell transcript end
End time: 20260209222152
**********************
